0 info it worked if it ends with ok
1 verbose cli [ 'node', '/usr/local/bin/npm', 'install', '-g', 'node-inspect' ]
2 info using npm@1.4.23
3 info using node@v0.10.31
4 verbose cache add [ 'node-inspect', null ]
5 verbose cache add name=undefined spec="node-inspect" args=["node-inspect",null]
6 verbose parsed url { protocol: null,
6 verbose parsed url   slashes: null,
6 verbose parsed url   auth: null,
6 verbose parsed url   host: null,
6 verbose parsed url   port: null,
6 verbose parsed url   hostname: null,
6 verbose parsed url   hash: null,
6 verbose parsed url   search: null,
6 verbose parsed url   query: null,
6 verbose parsed url   pathname: 'node-inspect',
6 verbose parsed url   path: 'node-inspect',
6 verbose parsed url   href: 'node-inspect' }
7 silly lockFile 30e64ee9-node-inspect node-inspect
8 verbose lock node-inspect /Users/shiyimin/.npm/30e64ee9-node-inspect.lock
9 silly lockFile 30e64ee9-node-inspect node-inspect
10 silly lockFile 30e64ee9-node-inspect node-inspect
11 verbose addNamed [ 'node-inspect', '' ]
12 verbose addNamed [ null, '*' ]
13 silly lockFile e2c64513-node-inspect node-inspect@
14 verbose lock node-inspect@ /Users/shiyimin/.npm/e2c64513-node-inspect.lock
15 silly addNameRange { name: 'node-inspect', range: '*', hasData: false }
16 verbose request where is /node-inspect
17 verbose request registry https://registry.npmjs.org/
18 verbose request id c00b9489aa3b0882
19 verbose url raw /node-inspect
20 verbose url resolving [ 'https://registry.npmjs.org/', './node-inspect' ]
21 verbose url resolved https://registry.npmjs.org/node-inspect
22 verbose request where is https://registry.npmjs.org/node-inspect
23 info trying registry request attempt 1 at 08:18:48
24 http GET https://registry.npmjs.org/node-inspect
25 http 404 https://registry.npmjs.org/node-inspect
26 verbose headers { server: 'CouchDB/1.5.0 (Erlang OTP/R16B03)',
26 verbose headers   'content-type': 'application/json',
26 verbose headers   'cache-control': 'max-age=0',
26 verbose headers   'content-length': '51',
26 verbose headers   'accept-ranges': 'bytes',
26 verbose headers   date: 'Wed, 20 May 2015 00:18:49 GMT',
26 verbose headers   via: '1.1 varnish',
26 verbose headers   age: '0',
26 verbose headers   connection: 'keep-alive',
26 verbose headers   'x-served-by': 'cache-nrt6128-NRT',
26 verbose headers   'x-cache': 'MISS',
26 verbose headers   'x-cache-hits': '0',
26 verbose headers   'x-timer': 'S1432081129.254428,VS0,VE181' }
27 silly registry.get cb [ 404,
27 silly registry.get   { server: 'CouchDB/1.5.0 (Erlang OTP/R16B03)',
27 silly registry.get     'content-type': 'application/json',
27 silly registry.get     'cache-control': 'max-age=0',
27 silly registry.get     'content-length': '51',
27 silly registry.get     'accept-ranges': 'bytes',
27 silly registry.get     date: 'Wed, 20 May 2015 00:18:49 GMT',
27 silly registry.get     via: '1.1 varnish',
27 silly registry.get     age: '0',
27 silly registry.get     connection: 'keep-alive',
27 silly registry.get     'x-served-by': 'cache-nrt6128-NRT',
27 silly registry.get     'x-cache': 'MISS',
27 silly registry.get     'x-cache-hits': '0',
27 silly registry.get     'x-timer': 'S1432081129.254428,VS0,VE181' } ]
28 silly lockFile e2c64513-node-inspect node-inspect@
29 silly lockFile e2c64513-node-inspect node-inspect@
30 error 404 404 Not Found: node-inspect
30 error 404
30 error 404 'node-inspect' is not in the npm registry.
30 error 404 You should bug the author to publish it
30 error 404
30 error 404 Maybe try 'npm search inspect'
30 error 404
30 error 404 Note that you can also install from a
30 error 404 tarball, folder, or http url, or git url.
31 error System Darwin 14.3.0
32 error command "node" "/usr/local/bin/npm" "install" "-g" "node-inspect"
33 error cwd /Users/shiyimin/workspace/cucumber-turtorial/cucumber-protractor/course1
34 error node -v v0.10.31
35 error npm -v 1.4.23
36 error code E404
37 verbose exit [ 1, true ]
